timestamp: 2017-08-08T14:59:32.145332
CREATE TABLE "auth_user"(
    "id" INTEGER PRIMARY KEY AUTOINCREMENT,
    "first_name" CHAR(128),
    "last_name" CHAR(128),
    "email" CHAR(512),
    "password" CHAR(512),
    "registration_key" CHAR(512),
    "reset_password_key" CHAR(512),
    "registration_id" CHAR(512)
);
success!
timestamp: 2017-08-08T14:59:32.246496
CREATE TABLE "auth_group"(
    "id" INTEGER PRIMARY KEY AUTOINCREMENT,
    "role" CHAR(512),
    "description" TEXT
);
success!
timestamp: 2017-08-08T14:59:32.406792
CREATE TABLE "auth_membership"(
    "id" INTEGER PRIMARY KEY AUTOINCREMENT,
    "user_id" INTEGER REFERENCES "auth_user" ("id") ON DELETE CASCADE  ,
    "group_id" INTEGER REFERENCES "auth_group" ("id") ON DELETE CASCADE  
);
success!
timestamp: 2017-08-08T14:59:32.529701
CREATE TABLE "auth_permission"(
    "id" INTEGER PRIMARY KEY AUTOINCREMENT,
    "group_id" INTEGER REFERENCES "auth_group" ("id") ON DELETE CASCADE  ,
    "name" CHAR(512),
    "table_name" CHAR(512),
    "record_id" INTEGER
);
success!
timestamp: 2017-08-08T14:59:32.654289
CREATE TABLE "auth_event"(
    "id" INTEGER PRIMARY KEY AUTOINCREMENT,
    "time_stamp" TIMESTAMP,
    "client_ip" CHAR(512),
    "user_id" INTEGER REFERENCES "auth_user" ("id") ON DELETE CASCADE  ,
    "origin" CHAR(512),
    "description" TEXT
);
success!
timestamp: 2017-08-08T14:59:32.755223
CREATE TABLE "auth_cas"(
    "id" INTEGER PRIMARY KEY AUTOINCREMENT,
    "user_id" INTEGER REFERENCES "auth_user" ("id") ON DELETE CASCADE  ,
    "created_on" TIMESTAMP,
    "service" CHAR(512),
    "ticket" CHAR(512),
    "renew" CHAR(1)
);
success!
timestamp: 2017-11-13T15:50:30.959847
CREATE TABLE "instituicao"(
    "id" INTEGER PRIMARY KEY AUTOINCREMENT,
    "titulo" CHAR(512),
    "industria" CHAR(512),
    "site" CHAR(512),
    "palavraschave" TEXT,
    "telefonePrincipal" CHAR(512),
    "endereco" CHAR(512)
);
success!
timestamp: 2017-11-13T15:50:31.082019
CREATE TABLE "etiquetaNotas"(
    "id" INTEGER PRIMARY KEY AUTOINCREMENT,
    "titulo" CHAR(512),
    "publico" CHAR(1),
    "is_active" CHAR(1),
    "created_on" TIMESTAMP,
    "created_by" INTEGER REFERENCES "auth_user" ("id") ON DELETE CASCADE  ,
    "modified_on" TIMESTAMP,
    "modified_by" INTEGER REFERENCES "auth_user" ("id") ON DELETE CASCADE  
);
success!
timestamp: 2017-11-13T15:50:31.217537
CREATE TABLE "notas"(
    "id" INTEGER PRIMARY KEY AUTOINCREMENT,
    "etiqueta" INTEGER REFERENCES "etiquetaNotas" ("id") ON DELETE CASCADE  ,
    "nota" TEXT,
    "ativo" CHAR(1),
    "publico" CHAR(1),
    "is_active" CHAR(1),
    "created_on" TIMESTAMP,
    "created_by" INTEGER REFERENCES "auth_user" ("id") ON DELETE CASCADE  ,
    "modified_on" TIMESTAMP,
    "modified_by" INTEGER REFERENCES "auth_user" ("id") ON DELETE CASCADE  
);
success!
timestamp: 2017-11-13T15:50:31.363583
CREATE TABLE "agendaTelefonica"(
    "id" INTEGER PRIMARY KEY AUTOINCREMENT,
    "instituicao" INTEGER REFERENCES "instituicao" ("id") ON DELETE CASCADE  ,
    "setor" CHAR(512),
    "pessoaContato" CHAR(512),
    "telefone" TEXT,
    "email" CHAR(512),
    "ativo" CHAR(1),
    "publico" CHAR(1),
    "is_active" CHAR(1),
    "created_on" TIMESTAMP,
    "created_by" INTEGER REFERENCES "auth_user" ("id") ON DELETE CASCADE  ,
    "modified_on" TIMESTAMP,
    "modified_by" INTEGER REFERENCES "auth_user" ("id") ON DELETE CASCADE  
);
success!
timestamp: 2017-11-13T15:50:31.523011
CREATE TABLE "etiquetaFavoritos"(
    "id" INTEGER PRIMARY KEY AUTOINCREMENT,
    "titulo" CHAR(512),
    "publico" CHAR(1),
    "is_active" CHAR(1),
    "created_on" TIMESTAMP,
    "created_by" INTEGER REFERENCES "auth_user" ("id") ON DELETE CASCADE  ,
    "modified_on" TIMESTAMP,
    "modified_by" INTEGER REFERENCES "auth_user" ("id") ON DELETE CASCADE  
);
success!
timestamp: 2017-11-13T15:50:31.680792
CREATE TABLE "favoritos"(
    "id" INTEGER PRIMARY KEY AUTOINCREMENT,
    "etiqueta" INTEGER REFERENCES "etiquetaFavoritos" ("id") ON DELETE CASCADE  ,
    "url" CHAR(512),
    "descricao" CHAR(512),
    "publico" CHAR(1),
    "is_active" CHAR(1),
    "created_on" TIMESTAMP,
    "created_by" INTEGER REFERENCES "auth_user" ("id") ON DELETE CASCADE  ,
    "modified_on" TIMESTAMP,
    "modified_by" INTEGER REFERENCES "auth_user" ("id") ON DELETE CASCADE  
);
success!
timestamp: 2017-11-13T15:50:31.830017
CREATE TABLE "arquivador"(
    "id" INTEGER PRIMARY KEY AUTOINCREMENT,
    "descricao" CHAR(512),
    "arquivo" CHAR(512),
    "is_active" CHAR(1),
    "created_on" TIMESTAMP,
    "created_by" INTEGER REFERENCES "auth_user" ("id") ON DELETE CASCADE  ,
    "modified_on" TIMESTAMP,
    "modified_by" INTEGER REFERENCES "auth_user" ("id") ON DELETE CASCADE  
);
success!
timestamp: 2017-11-14T16:42:56.688457
CREATE TABLE `auth_user`(
    `id` INT AUTO_INCREMENT NOT NULL,
    `first_name` VARCHAR(128),
    `last_name` VARCHAR(128),
    `email` VARCHAR(512),
    `password` VARCHAR(512),
    `registration_key` VARCHAR(512),
    `reset_password_key` VARCHAR(512),
    `registration_id` VARCHAR(512),
    PRIMARY KEY (`id`)
) ENGINE=InnoDB CHARACTER SET utf8;
success!
timestamp: 2017-11-14T16:42:57.093618
CREATE TABLE `auth_group`(
    `id` INT AUTO_INCREMENT NOT NULL,
    `role` VARCHAR(512),
    `description` LONGTEXT,
    PRIMARY KEY (`id`)
) ENGINE=InnoDB CHARACTER SET utf8;
success!
timestamp: 2017-11-14T16:42:57.439216
CREATE TABLE `auth_membership`(
    `id` INT AUTO_INCREMENT NOT NULL,
    `user_id` INT  , INDEX `user_id__idx` (`user_id`), FOREIGN KEY (`user_id`) REFERENCES `auth_user` (`id`) ON DELETE CASCADE,
    `group_id` INT  , INDEX `group_id__idx` (`group_id`), FOREIGN KEY (`group_id`) REFERENCES `auth_group` (`id`) ON DELETE CASCADE,
    PRIMARY KEY (`id`)
) ENGINE=InnoDB CHARACTER SET utf8;
success!
timestamp: 2017-11-14T16:42:57.844487
CREATE TABLE `auth_permission`(
    `id` INT AUTO_INCREMENT NOT NULL,
    `group_id` INT  , INDEX `group_id__idx` (`group_id`), FOREIGN KEY (`group_id`) REFERENCES `auth_group` (`id`) ON DELETE CASCADE,
    `name` VARCHAR(512),
    `table_name` VARCHAR(512),
    `record_id` INTEGER,
    PRIMARY KEY (`id`)
) ENGINE=InnoDB CHARACTER SET utf8;
success!
timestamp: 2017-11-14T16:42:58.198664
CREATE TABLE `auth_event`(
    `id` INT AUTO_INCREMENT NOT NULL,
    `time_stamp` DATETIME,
    `client_ip` VARCHAR(512),
    `user_id` INT  , INDEX `user_id__idx` (`user_id`), FOREIGN KEY (`user_id`) REFERENCES `auth_user` (`id`) ON DELETE CASCADE,
    `origin` VARCHAR(512),
    `description` LONGTEXT,
    PRIMARY KEY (`id`)
) ENGINE=InnoDB CHARACTER SET utf8;
success!
timestamp: 2017-11-14T16:42:58.599743
CREATE TABLE `auth_cas`(
    `id` INT AUTO_INCREMENT NOT NULL,
    `user_id` INT  , INDEX `user_id__idx` (`user_id`), FOREIGN KEY (`user_id`) REFERENCES `auth_user` (`id`) ON DELETE CASCADE,
    `created_on` DATETIME,
    `service` VARCHAR(512),
    `ticket` VARCHAR(512),
    `renew` CHAR(1),
    PRIMARY KEY (`id`)
) ENGINE=InnoDB CHARACTER SET utf8;
success!
timestamp: 2017-11-14T16:42:59.023918
CREATE TABLE `instituicao`(
    `id` INT AUTO_INCREMENT NOT NULL,
    `titulo` VARCHAR(512),
    `industria` VARCHAR(512),
    `site` VARCHAR(512),
    `palavraschave` LONGTEXT,
    `telefonePrincipal` VARCHAR(512),
    `endereco` VARCHAR(512),
    PRIMARY KEY (`id`)
) ENGINE=InnoDB CHARACTER SET utf8;
success!
timestamp: 2017-11-14T16:42:59.503609
CREATE TABLE `etiquetaNotas`(
    `id` INT AUTO_INCREMENT NOT NULL,
    `titulo` VARCHAR(512),
    `publico` CHAR(1),
    `is_active` CHAR(1),
    `created_on` DATETIME,
    `created_by` INT  , INDEX `created_by__idx` (`created_by`), FOREIGN KEY (`created_by`) REFERENCES `auth_user` (`id`) ON DELETE CASCADE,
    `modified_on` DATETIME,
    `modified_by` INT  , INDEX `modified_by__idx` (`modified_by`), FOREIGN KEY (`modified_by`) REFERENCES `auth_user` (`id`) ON DELETE CASCADE,
    PRIMARY KEY (`id`)
) ENGINE=InnoDB CHARACTER SET utf8;
success!
timestamp: 2017-11-14T16:42:59.979026
CREATE TABLE `notas`(
    `id` INT AUTO_INCREMENT NOT NULL,
    `etiqueta` INT  , INDEX `etiqueta__idx` (`etiqueta`), FOREIGN KEY (`etiqueta`) REFERENCES `etiquetaNotas` (`id`) ON DELETE CASCADE,
    `nota` LONGTEXT,
    `ativo` CHAR(1),
    `publico` CHAR(1),
    `is_active` CHAR(1),
    `created_on` DATETIME,
    `created_by` INT  , INDEX `created_by__idx` (`created_by`), FOREIGN KEY (`created_by`) REFERENCES `auth_user` (`id`) ON DELETE CASCADE,
    `modified_on` DATETIME,
    `modified_by` INT  , INDEX `modified_by__idx` (`modified_by`), FOREIGN KEY (`modified_by`) REFERENCES `auth_user` (`id`) ON DELETE CASCADE,
    PRIMARY KEY (`id`)
) ENGINE=InnoDB CHARACTER SET utf8;
success!
timestamp: 2017-11-14T16:43:00.481902
CREATE TABLE `agendaTelefonica`(
    `id` INT AUTO_INCREMENT NOT NULL,
    `instituicao` INT  , INDEX `instituicao__idx` (`instituicao`), FOREIGN KEY (`instituicao`) REFERENCES `instituicao` (`id`) ON DELETE CASCADE,
    `setor` VARCHAR(512),
    `pessoaContato` VARCHAR(512),
    `telefone` LONGTEXT,
    `email` VARCHAR(512),
    `ativo` CHAR(1),
    `publico` CHAR(1),
    `is_active` CHAR(1),
    `created_on` DATETIME,
    `created_by` INT  , INDEX `created_by__idx` (`created_by`), FOREIGN KEY (`created_by`) REFERENCES `auth_user` (`id`) ON DELETE CASCADE,
    `modified_on` DATETIME,
    `modified_by` INT  , INDEX `modified_by__idx` (`modified_by`), FOREIGN KEY (`modified_by`) REFERENCES `auth_user` (`id`) ON DELETE CASCADE,
    PRIMARY KEY (`id`)
) ENGINE=InnoDB CHARACTER SET utf8;
success!
timestamp: 2017-11-14T16:43:00.971196
CREATE TABLE `etiquetaFavoritos`(
    `id` INT AUTO_INCREMENT NOT NULL,
    `titulo` VARCHAR(512),
    `publico` CHAR(1),
    `is_active` CHAR(1),
    `created_on` DATETIME,
    `created_by` INT  , INDEX `created_by__idx` (`created_by`), FOREIGN KEY (`created_by`) REFERENCES `auth_user` (`id`) ON DELETE CASCADE,
    `modified_on` DATETIME,
    `modified_by` INT  , INDEX `modified_by__idx` (`modified_by`), FOREIGN KEY (`modified_by`) REFERENCES `auth_user` (`id`) ON DELETE CASCADE,
    PRIMARY KEY (`id`)
) ENGINE=InnoDB CHARACTER SET utf8;
success!
timestamp: 2017-11-14T16:43:01.448016
CREATE TABLE `favoritos`(
    `id` INT AUTO_INCREMENT NOT NULL,
    `etiqueta` INT  , INDEX `etiqueta__idx` (`etiqueta`), FOREIGN KEY (`etiqueta`) REFERENCES `etiquetaFavoritos` (`id`) ON DELETE CASCADE,
    `url` VARCHAR(512),
    `descricao` VARCHAR(512),
    `publico` CHAR(1),
    `is_active` CHAR(1),
    `created_on` DATETIME,
    `created_by` INT  , INDEX `created_by__idx` (`created_by`), FOREIGN KEY (`created_by`) REFERENCES `auth_user` (`id`) ON DELETE CASCADE,
    `modified_on` DATETIME,
    `modified_by` INT  , INDEX `modified_by__idx` (`modified_by`), FOREIGN KEY (`modified_by`) REFERENCES `auth_user` (`id`) ON DELETE CASCADE,
    PRIMARY KEY (`id`)
) ENGINE=InnoDB CHARACTER SET utf8;
success!
timestamp: 2017-11-14T16:43:01.868142
CREATE TABLE `arquivador`(
    `id` INT AUTO_INCREMENT NOT NULL,
    `descricao` VARCHAR(512),
    `arquivo` VARCHAR(512),
    `is_active` CHAR(1),
    `created_on` DATETIME,
    `created_by` INT  , INDEX `created_by__idx` (`created_by`), FOREIGN KEY (`created_by`) REFERENCES `auth_user` (`id`) ON DELETE CASCADE,
    `modified_on` DATETIME,
    `modified_by` INT  , INDEX `modified_by__idx` (`modified_by`), FOREIGN KEY (`modified_by`) REFERENCES `auth_user` (`id`) ON DELETE CASCADE,
    PRIMARY KEY (`id`)
) ENGINE=InnoDB CHARACTER SET utf8;
success!
timestamp: 2017-11-17T15:22:36.929081
ALTER TABLE `agendaTelefonica` ADD `telefone__tmp` VARCHAR(512);
success!
UPDATE `agendaTelefonica` SET `telefone__tmp`=`telefone`;
success!
ALTER TABLE `agendaTelefonica` DROP COLUMN `telefone`;
success!
ALTER TABLE `agendaTelefonica` ADD `telefone` VARCHAR(512);
success!
UPDATE `agendaTelefonica` SET `telefone`=`telefone__tmp`;
success!
ALTER TABLE `agendaTelefonica` DROP COLUMN `telefone__tmp`;
success!
success!
timestamp: 2017-11-23T00:45:46.261619
ALTER TABLE `instituicao` ADD `palavraschave__tmp` VARCHAR(512);
success!
UPDATE `instituicao` SET `palavraschave__tmp`=`palavraschave`;
success!
ALTER TABLE `instituicao` DROP COLUMN `palavraschave`;
success!
ALTER TABLE `instituicao` ADD `palavraschave` VARCHAR(512);
success!
UPDATE `instituicao` SET `palavraschave`=`palavraschave__tmp`;
success!
ALTER TABLE `instituicao` DROP COLUMN `palavraschave__tmp`;
success!
success!
